<?xml version="1.0" encoding="UTF-8"?>
<!-- Generated by org.testng.reporters.JUnitXMLReporter -->
<testsuite ignored="19" hostname="Nishkarsh" failures="1" tests="1" name="Default test" time="16.706" errors="0" timestamp="2025-05-22T12:35:58 IST">
  <testcase classname="TestCases.HRIS_Local" name="addNewEmployee" time="9.396">
    <failure type="org.openqa.selenium.NoAlertPresentException" message="no such alert
  (Session info: chrome=136.0.7103.114)
Build info: version: &amp;apos;4.28.1&amp;apos;, revision: &amp;apos;73f5ad48a2&amp;apos;
System info: os.name: &amp;apos;Windows 11&amp;apos;, os.arch: &amp;apos;amd64&amp;apos;, os.version: &amp;apos;10.0&amp;apos;, java.version: &amp;apos;21.0.2&amp;apos;
Driver info: org.openqa.selenium.chrome.ChromeDriver
Command: [347fd277277b6cd2a15b8057297df3ae, getAlertText {}]
Capabilities {acceptInsecureCerts: false, browserName: chrome, browserVersion: 136.0.7103.114, chrome: {chromedriverVersion: 136.0.7103.113 (76fa3c17824..., userDataDir: C:\Users\enque\AppData\Loca...}, fedcm:accounts: true, goog:chromeOptions: {debuggerAddress: localhost:55942}, networkConnectionEnabled: false, pageLoadStrategy: normal, platformName: windows, proxy: Proxy(), se:cdp: ws://localhost:55942/devtoo..., se:cdpVersion: 136.0.7103.114, setWindowRect: true, strictFileInteractability: false, timeouts: {implicit: 0, pageLoad: 300000, script: 30000}, unhandledPromptBehavior: dismiss and notify, webauthn:extension:credBlob: true, webauthn:extension:largeBlob: true, webauthn:extension:minPinLength: true, webauthn:extension:prf: true, webauthn:virtualAuthenticators: true}
Session ID: 347fd277277b6cd2a15b8057297df3ae">
      <![CDATA[org.openqa.selenium.NoAlertPresentException: no such alert
  (Session info: chrome=136.0.7103.114)
Build info: version: '4.28.1', revision: '73f5ad48a2'
System info: os.name: 'Windows 11', os.arch: 'amd64', os.version: '10.0', java.version: '21.0.2'
Driver info: org.openqa.selenium.chrome.ChromeDriver
Command: [347fd277277b6cd2a15b8057297df3ae, getAlertText {}]
Capabilities {acceptInsecureCerts: false, browserName: chrome, browserVersion: 136.0.7103.114, chrome: {chromedriverVersion: 136.0.7103.113 (76fa3c17824..., userDataDir: C:\Users\enque\AppData\Loca...}, fedcm:accounts: true, goog:chromeOptions: {debuggerAddress: localhost:55942}, networkConnectionEnabled: false, pageLoadStrategy: normal, platformName: windows, proxy: Proxy(), se:cdp: ws://localhost:55942/devtoo..., se:cdpVersion: 136.0.7103.114, setWindowRect: true, strictFileInteractability: false, timeouts: {implicit: 0, pageLoad: 300000, script: 30000}, unhandledPromptBehavior: dismiss and notify, webauthn:extension:credBlob: true, webauthn:extension:largeBlob: true, webauthn:extension:minPinLength: true, webauthn:extension:prf: true, webauthn:virtualAuthenticators: true}
Session ID: 347fd277277b6cd2a15b8057297df3ae
at java.base/jdk.internal.reflect.DirectConstructorHandleAccessor.newInstance(DirectConstructorHandleAccessor.java:62)
at java.base/java.lang.reflect.Constructor.newInstanceWithCaller(Constructor.java:502)
at java.base/java.lang.reflect.Constructor.newInstance(Constructor.java:486)
at org.openqa.selenium.remote.ErrorCodec.decode(ErrorCodec.java:167)
at org.openqa.selenium.remote.codec.w3c.W3CHttpResponseCodec.decode(W3CHttpResponseCodec.java:138)
at org.openqa.selenium.remote.codec.w3c.W3CHttpResponseCodec.decode(W3CHttpResponseCodec.java:50)
at org.openqa.selenium.remote.HttpCommandExecutor.execute(HttpCommandExecutor.java:215)
at org.openqa.selenium.remote.service.DriverCommandExecutor.invokeExecute(DriverCommandExecutor.java:216)
at org.openqa.selenium.remote.service.DriverCommandExecutor.execute(DriverCommandExecutor.java:174)
at org.openqa.selenium.remote.RemoteWebDriver.execute(RemoteWebDriver.java:545)
at org.openqa.selenium.remote.RemoteWebDriver.execute(RemoteWebDriver.java:618)
at org.openqa.selenium.remote.RemoteWebDriver.execute(RemoteWebDriver.java:622)
at org.openqa.selenium.remote.RemoteWebDriver$RemoteTargetLocator.alert(RemoteWebDriver.java:1194)
at TestCases.HRIS_Local.addNewEmployee(HRIS_Local.java:84)
at java.base/jdk.internal.reflect.DirectMethodHandleAccessor.invoke(DirectMethodHandleAccessor.java:103)
at java.base/java.lang.reflect.Method.invoke(Method.java:580)
at org.testng.internal.invokers.MethodInvocationHelper.invokeMethod(MethodInvocationHelper.java:141)
at org.testng.internal.invokers.TestInvoker.invokeMethod(TestInvoker.java:687)
at org.testng.internal.invokers.TestInvoker.invokeTestMethod(TestInvoker.java:230)
at org.testng.internal.invokers.MethodRunner.runInSequence(MethodRunner.java:63)
at org.testng.internal.invokers.TestInvoker$MethodInvocationAgent.invoke(TestInvoker.java:995)
at org.testng.internal.invokers.TestInvoker.invokeTestMethods(TestInvoker.java:203)
at org.testng.internal.invokers.TestMethodWorker.invokeTestMethods(TestMethodWorker.java:154)
at org.testng.internal.invokers.TestMethodWorker.run(TestMethodWorker.java:134)
at java.base/java.util.ArrayList.forEach(ArrayList.java:1596)
at org.testng.TestRunner.privateRun(TestRunner.java:741)
at org.testng.TestRunner.run(TestRunner.java:616)
at org.testng.SuiteRunner.runTest(SuiteRunner.java:421)
at org.testng.SuiteRunner.runSequentially(SuiteRunner.java:413)
at org.testng.SuiteRunner.privateRun(SuiteRunner.java:373)
at org.testng.SuiteRunner.run(SuiteRunner.java:312)
at org.testng.SuiteRunnerWorker.runSuite(SuiteRunnerWorker.java:52)
at org.testng.SuiteRunnerWorker.run(SuiteRunnerWorker.java:95)
at org.testng.TestNG.runSuitesSequentially(TestNG.java:1274)
at org.testng.TestNG.runSuitesLocally(TestNG.java:1208)
at org.testng.TestNG.runSuites(TestNG.java:1112)
at org.testng.TestNG.run(TestNG.java:1079)
at org.testng.remote.AbstractRemoteTestNG.run(AbstractRemoteTestNG.java:115)
at org.testng.remote.RemoteTestNG.initAndRun(RemoteTestNG.java:293)
at org.testng.remote.RemoteTestNG.main(RemoteTestNG.java:91)
]]>
    </failure>
  </testcase> <!-- addNewEmployee -->
  <testcase classname="TestCases.HRIS_Local" name="InValidLogin" time="0.0">
    <ignored/>
  </testcase> <!-- InValidLogin -->
  <testcase classname="TestCases.HRIS_Local" name="editEmpDetails" time="0.0">
    <ignored/>
  </testcase> <!-- editEmpDetails -->
  <testcase classname="TestCases.HRIS_Local" name="applyForLeave" time="0.0">
    <ignored/>
  </testcase> <!-- applyForLeave -->
  <testcase classname="TestCases.HRIS_Local" name="searchEmployee" time="0.0">
    <ignored/>
  </testcase> <!-- searchEmployee -->
  <testcase classname="TestCases.HRIS_Local" name="deleteAsset" time="0.0">
    <ignored/>
  </testcase> <!-- deleteAsset -->
  <testcase classname="TestCases.HRIS_Local" name="addDesignation" time="0.0">
    <ignored/>
  </testcase> <!-- addDesignation -->
  <testcase classname="TestCases.HRIS_Local" name="addBankDetails" time="0.0">
    <ignored/>
  </testcase> <!-- addBankDetails -->
  <testcase classname="TestCases.HRIS_Local" name="manageExitDetails" time="0.0">
    <ignored/>
  </testcase> <!-- manageExitDetails -->
  <testcase classname="TestCases.HRIS_Local" name="viewSalary" time="0.0">
    <ignored/>
  </testcase> <!-- viewSalary -->
  <testcase classname="TestCases.HRIS_Local" name="addSameEmployee" time="0.0">
    <ignored/>
  </testcase> <!-- addSameEmployee -->
  <testcase classname="TestCases.HRIS_Local" name="logout" time="0.0">
    <ignored/>
  </testcase> <!-- logout -->
  <testcase classname="TestCases.HRIS_Local" name="addDepartment" time="0.0">
    <ignored/>
  </testcase> <!-- addDepartment -->
  <testcase classname="TestCases.HRIS_Local" name="uploadSalary" time="0.0">
    <ignored/>
  </testcase> <!-- uploadSalary -->
  <testcase classname="TestCases.HRIS_Local" name="deleteEmployee" time="0.0">
    <ignored/>
  </testcase> <!-- deleteEmployee -->
  <testcase classname="TestCases.HRIS_Local" name="addAssetDetails" time="0.0">
    <ignored/>
  </testcase> <!-- addAssetDetails -->
  <testcase classname="TestCases.HRIS_Local" name="editAsset" time="0.0">
    <ignored/>
  </testcase> <!-- editAsset -->
  <testcase classname="TestCases.HRIS_Local" name="uploadAttendance" time="0.0">
    <ignored/>
  </testcase> <!-- uploadAttendance -->
  <testcase classname="TestCases.HRIS_Local" name="viewAttendance" time="0.0">
    <ignored/>
  </testcase> <!-- viewAttendance -->
  <testcase classname="TestCases.HRIS_Local" name="changePassword" time="0.0">
    <ignored/>
  </testcase> <!-- changePassword -->
</testsuite> <!-- Default test -->
